{"level":"error","message":"Sun Jan 28 2024 23:57:00 GMT+0530 (India Standard Time)-{}","private":true}
{"level":"error","message":"Sun Jan 28 2024 23:57:51 GMT+0530 (India Standard Time)-{}","private":true}
{"level":"error","message":"Sun Jan 28 2024 23:58:37 GMT+0530 (India Standard Time)-{}","private":true}
{"level":"error","message":"Mon Jan 29 2024 00:00:49 GMT+0530 (India Standard Time)-{}","private":true}
{"level":"error","message":"Mon Jan 29 2024 00:02:13 GMT+0530 (India Standard Time)-{\"name\":\"Data Not Found\",\"statusCode\":{},\"isOperational\":true}","private":true}
{"level":"error","message":"Mon Jan 29 2024 00:06:11 GMT+0530 (India Standard Time)-{\"name\":\"Data Not Found\",\"statusCode\":{},\"isOperational\":true}","private":true}
{"level":"error","message":"Mon Jan 29 2024 00:09:05 GMT+0530 (India Standard Time)-{}","private":true}
{"level":"error","message":"Mon Jan 29 2024 00:13:04 GMT+0530 (India Standard Time)-{}","private":true}
{"level":"error","message":"Mon Jan 29 2024 00:15:52 GMT+0530 (India Standard Time)-{}","private":true}
{"level":"error","message":"Mon Jan 29 2024 00:16:26 GMT+0530 (India Standard Time)-{}","private":true}
{"level":"error","message":"Mon Jan 29 2024 00:17:36 GMT+0530 (India Standard Time)-{}","private":true}
{"level":"error","message":"Mon Jan 29 2024 00:17:59 GMT+0530 (India Standard Time)-{}","private":true}
{"level":"error","message":"Thu Feb 01 2024 22:24:36 GMT+0530 (India Standard Time)-{}","private":true}
{"level":"error","message":"Thu Feb 01 2024 22:29:08 GMT+0530 (India Standard Time)-{}","private":true}
{"level":"error","message":"Thu Feb 01 2024 22:29:52 GMT+0530 (India Standard Time)-{}","private":true}
{"level":"error","message":"Thu Feb 01 2024 22:36:11 GMT+0530 (India Standard Time)-{}","private":true}
{"level":"error","message":"Thu Feb 01 2024 22:36:11 GMT+0530 (India Standard Time)-{\"code\":\"ERR_HTTP_INVALID_STATUS_CODE\"}","private":true}
{"level":"error","message":"Thu Feb 01 2024 22:36:51 GMT+0530 (India Standard Time)-{}","private":true}
{"level":"error","message":"Thu Feb 01 2024 22:36:51 GMT+0530 (India Standard Time)-{\"code\":\"ERR_HTTP_INVALID_STATUS_CODE\"}","private":true}
{"level":"error","message":"Thu Feb 01 2024 22:40:20 GMT+0530 (India Standard Time)-{}","private":true}
{"level":"error","message":"Thu Feb 01 2024 22:41:13 GMT+0530 (India Standard Time)-{}","private":true}
{"level":"error","message":"Thu Feb 01 2024 22:44:24 GMT+0530 (India Standard Time)-{\"name\":\"Data Not found\",\"statusCode\":500,\"isOperational\":true}","private":true}
{"level":"error","message":"Thu Feb 01 2024 22:44:30 GMT+0530 (India Standard Time)-{\"name\":\"Data Not found\",\"statusCode\":500,\"isOperational\":true}","private":true}
{"level":"error","message":"Thu Feb 01 2024 22:44:49 GMT+0530 (India Standard Time)-{\"name\":\"Data Not found\",\"statusCode\":500,\"isOperational\":true}","private":true}
{"level":"error","message":"Thu Feb 01 2024 22:45:03 GMT+0530 (India Standard Time)-{\"name\":\"Data Not found\",\"statusCode\":500,\"isOperational\":true}","private":true}
{"level":"error","message":"Thu Feb 01 2024 22:45:06 GMT+0530 (India Standard Time)-{\"name\":\"Data Not found\",\"statusCode\":500,\"isOperational\":true}","private":true}
{"level":"error","message":"Fri Feb 02 2024 01:23:05 GMT+0530 (India Standard Time)-{\"name\":\"Data Not Found\",\"statusCode\":{},\"isOperational\":true}","private":true}
{"level":"error","message":"Fri Feb 02 2024 01:23:48 GMT+0530 (India Standard Time)-{\"name\":\"Data Not Found\",\"statusCode\":{},\"isOperational\":true}","private":true}
{"level":"error","message":"Fri Feb 02 2024 01:24:01 GMT+0530 (India Standard Time)-{\"name\":\"Data Not Found\",\"statusCode\":{},\"isOperational\":true}","private":true}
{"level":"error","message":"Fri Feb 02 2024 01:25:26 GMT+0530 (India Standard Time)-{\"name\":\"Data Not Found\",\"statusCode\":{\"name\":\"API Error\",\"statusCode\":500,\"isOperational\":true},\"isOperational\":true}","private":true}
{"level":"error","message":"Fri Feb 02 2024 01:27:02 GMT+0530 (India Standard Time)-{\"name\":\"Data Not Found\",\"statusCode\":{\"name\":\"API Error\",\"statusCode\":500,\"isOperational\":true},\"isOperational\":true}","private":true}
{"level":"error","message":"Fri Feb 02 2024 01:27:25 GMT+0530 (India Standard Time)-{\"name\":\"Data Not Found\",\"statusCode\":{\"name\":\"API Error\",\"statusCode\":500,\"isOperational\":true},\"isOperational\":true}","private":true}
{"level":"error","message":"Fri Feb 02 2024 01:31:48 GMT+0530 (India Standard Time)-{\"name\":\"Data Not Found\",\"statusCode\":{\"name\":\"API Error\",\"statusCode\":500,\"isOperational\":true},\"isOperational\":true}","private":true}
{"level":"error","message":"Fri Feb 02 2024 01:31:57 GMT+0530 (India Standard Time)-{\"name\":\"Data Not Found\",\"statusCode\":{\"name\":\"API Error\",\"statusCode\":500,\"isOperational\":true},\"isOperational\":true}","private":true}
{"level":"error","message":"Fri Feb 02 2024 01:34:51 GMT+0530 (India Standard Time)-{\"name\":\"Data Not Found\",\"statusCode\":{\"name\":\"API Error\",\"statusCode\":500,\"isOperational\":true},\"isOperational\":true}","private":true}
{"level":"error","message":"Fri Feb 02 2024 02:20:12 GMT+0530 (India Standard Time)-{}","private":true}
{"level":"error","message":"Fri Feb 02 2024 02:21:34 GMT+0530 (India Standard Time)-{}","private":true}
{"level":"error","message":"Fri Feb 02 2024 21:48:35 GMT+0530 (India Standard Time)-{\"name\":\"Data Not Found\",\"statusCode\":{},\"isOperational\":true}","private":true}
{"level":"error","message":"Fri Feb 02 2024 23:01:04 GMT+0530 (India Standard Time)-{\"name\":\"Data Not Found\",\"statusCode\":{},\"isOperational\":true}","private":true}
{"level":"error","message":"Fri Feb 02 2024 23:10:08 GMT+0530 (India Standard Time)-{\"name\":\"Data Not Found\",\"statusCode\":{},\"isOperational\":true}","private":true}
{"level":"error","message":"Fri Feb 02 2024 23:16:41 GMT+0530 (India Standard Time)-{\"name\":\"Data Not Found\",\"statusCode\":{},\"isOperational\":true}","private":true}
{"level":"error","message":"Fri Feb 02 2024 23:18:08 GMT+0530 (India Standard Time)-{\"name\":\"Data Not Found\",\"statusCode\":{},\"isOperational\":true}","private":true}
{"level":"error","message":"Fri Feb 02 2024 23:19:41 GMT+0530 (India Standard Time)-{\"name\":\"Data Not Found\",\"statusCode\":{},\"isOperational\":true}","private":true}
{"level":"error","message":"Sat Feb 03 2024 01:29:11 GMT+0530 (India Standard Time)-{\"name\":\"Data Not Found\",\"statusCode\":{},\"isOperational\":true}","private":true}
{"level":"error","message":"Sat Feb 03 2024 01:42:59 GMT+0530 (India Standard Time)-{\"name\":\"Data not found\",\"statusCode\":{\"name\":\"API Error\",\"statusCode\":500,\"isOperational\":true},\"isOperational\":true}","private":true}
{"level":"error","message":"Sat Feb 03 2024 01:56:44 GMT+0530 (India Standard Time)-{\"name\":\"Data not found\",\"statusCode\":{\"name\":\"API Error\",\"statusCode\":500,\"isOperational\":true},\"isOperational\":true}","private":true}
{"level":"error","message":"Sat Feb 03 2024 01:56:54 GMT+0530 (India Standard Time)-{\"name\":\"Data not found\",\"statusCode\":{\"name\":\"API Error\",\"statusCode\":500,\"isOperational\":true},\"isOperational\":true}","private":true}
{"level":"error","message":"Sat Feb 03 2024 01:57:57 GMT+0530 (India Standard Time)-{\"name\":\"Data not found\",\"statusCode\":{\"name\":\"API Error\",\"statusCode\":500,\"isOperational\":true},\"isOperational\":true}","private":true}
{"level":"error","message":"Sat Feb 03 2024 01:58:20 GMT+0530 (India Standard Time)-{\"name\":\"Data not found\",\"statusCode\":{\"name\":\"API Error\",\"statusCode\":500,\"isOperational\":true},\"isOperational\":true}","private":true}
{"level":"error","message":"Sat Feb 03 2024 01:59:01 GMT+0530 (India Standard Time)-{\"name\":\"Data not found\",\"statusCode\":{\"name\":\"API Error\",\"statusCode\":500,\"isOperational\":true},\"isOperational\":true}","private":true}
{"level":"error","message":"Sat Feb 03 2024 02:14:34 GMT+0530 (India Standard Time)-{}","private":true}
{"level":"error","message":"Sat Feb 03 2024 20:07:38 GMT+0530 (India Standard Time)-{\"name\":\"Data Not found\",\"statusCode\":500,\"isOperational\":true}","private":true}
{"level":"error","message":"Sat Feb 03 2024 20:08:02 GMT+0530 (India Standard Time)-{\"name\":\"Data Not found\",\"statusCode\":500,\"isOperational\":true}","private":true}
{"level":"error","message":"Sat Feb 03 2024 20:13:46 GMT+0530 (India Standard Time)-{\"name\":\"Data Not found\",\"statusCode\":500,\"isOperational\":true}","private":true}
{"level":"error","message":"Sat Feb 03 2024 20:15:47 GMT+0530 (India Standard Time)-{\"name\":\"Data Not found\",\"statusCode\":500,\"isOperational\":true}","private":true}
{"level":"error","message":"Sat Feb 03 2024 20:16:52 GMT+0530 (India Standard Time)-{\"name\":\"Data Not found\",\"statusCode\":500,\"isOperational\":true}","private":true}
{"level":"error","message":"Sat Feb 03 2024 20:17:17 GMT+0530 (India Standard Time)-{\"name\":\"Data Not found\",\"statusCode\":500,\"isOperational\":true}","private":true}
{"level":"error","message":"Sat Feb 03 2024 20:46:43 GMT+0530 (India Standard Time)-{}","private":true}
{"level":"error","message":"Sat Feb 03 2024 20:47:00 GMT+0530 (India Standard Time)-{}","private":true}
{"level":"error","message":"Sat Feb 03 2024 20:51:23 GMT+0530 (India Standard Time)-{\"expose\":true,\"statusCode\":400,\"status\":400,\"body\":\"{\\r\\n    \\\"name\\\":\\\"Kesar Mango\\\",\\r\\n    \\\"desc\\\":\\\"great Quality of Mango\\\",\\r\\n    \\\"type\\\":\\\"fruits\\\",\\r\\n    \\\"banner\\\":\\\"http://codergogoi.com/youtube/images/kesar.jpeg\\\",\\r\\n    \\\"unit\\\":1,\\r\\n    \\\"price\\\":170, \\r\\n    \\\"available\\\":true,\\r\\n}\",\"type\":\"entity.parse.failed\"}","private":true}
{"level":"error","message":"Sat Feb 03 2024 20:51:29 GMT+0530 (India Standard Time)-{\"name\":\"Data Not found\",\"statusCode\":500,\"isOperational\":true}","private":true}
{"level":"error","message":"Sat Feb 03 2024 23:09:45 GMT+0530 (India Standard Time)-{}","private":true}
{"level":"error","message":"Sat Feb 03 2024 23:11:21 GMT+0530 (India Standard Time)-{}","private":true}
{"level":"error","message":"Sun Feb 04 2024 02:22:11 GMT+0530 (India Standard Time)-{\"name\":\"Data Not found\",\"statusCode\":500,\"isOperational\":true}","private":true}
{"level":"error","message":"Sun Feb 04 2024 02:22:47 GMT+0530 (India Standard Time)-{\"name\":\"Unable to Find Product\",\"statusCode\":500,\"isOperational\":true}","private":true}
{"level":"error","message":"Sun Feb 04 2024 02:23:01 GMT+0530 (India Standard Time)-{\"name\":\"Data Not found\",\"statusCode\":500,\"isOperational\":true}","private":true}
{"level":"error","message":"Sun Feb 04 2024 02:24:15 GMT+0530 (India Standard Time)-{\"name\":\"Unable to Find Product\",\"statusCode\":500,\"isOperational\":true}","private":true}
{"level":"error","message":"Sun Feb 04 2024 02:42:49 GMT+0530 (India Standard Time)-{\"name\":\"Data Not Found\",\"statusCode\":{},\"isOperational\":true}","private":true}
{"level":"error","message":"Sun Feb 04 2024 02:43:29 GMT+0530 (India Standard Time)-{\"name\":\"Data Not Found\",\"statusCode\":{},\"isOperational\":true}","private":true}
{"level":"error","message":"Sun Feb 04 2024 02:44:36 GMT+0530 (India Standard Time)-{\"name\":\"Data Not Found\",\"statusCode\":{},\"isOperational\":true}","private":true}
{"level":"error","message":"Sun Feb 04 2024 19:33:12 GMT+0530 (India Standard Time)-{}","private":true}
{"level":"error","message":"Mon Feb 05 2024 00:40:30 GMT+0530 (India Standard Time)-{\"name\":\"Unable to Find Product\",\"statusCode\":500,\"isOperational\":true}","private":true}
{"level":"error","message":"Mon Feb 05 2024 00:43:41 GMT+0530 (India Standard Time)-{\"name\":\"Unable to Find Product\",\"statusCode\":500,\"isOperational\":true}","private":true}
{"level":"error","message":"Mon Feb 05 2024 00:44:15 GMT+0530 (India Standard Time)-{\"name\":\"Unable to Find Product\",\"statusCode\":500,\"isOperational\":true}","private":true}
{"level":"error","message":"Mon Feb 05 2024 00:48:25 GMT+0530 (India Standard Time)-{\"name\":\"Unable to Find Product\",\"statusCode\":500,\"isOperational\":true}","private":true}
{"level":"error","message":"Mon Feb 05 2024 00:51:04 GMT+0530 (India Standard Time)-{\"name\":\"Unable to Find Product\",\"statusCode\":500,\"isOperational\":true}","private":true}
{"level":"error","message":"Mon Feb 05 2024 01:10:31 GMT+0530 (India Standard Time)-{\"name\":\"Unable to Create Product\",\"statusCode\":500,\"isOperational\":true}","private":true}
{"level":"error","message":"Mon Feb 05 2024 01:13:13 GMT+0530 (India Standard Time)-{}","private":true}
{"level":"error","message":"Mon Feb 05 2024 01:24:21 GMT+0530 (India Standard Time)-{\"name\":\"Unable to Create Customer\",\"statusCode\":{\"name\":\"API Error\",\"statusCode\":500,\"isOperational\":true},\"isOperational\":true}","private":true}
{"level":"error","message":"Mon Feb 05 2024 01:24:43 GMT+0530 (India Standard Time)-{\"name\":\"Unable to Create Customer\",\"statusCode\":{\"name\":\"API Error\",\"statusCode\":500,\"isOperational\":true},\"isOperational\":true}","private":true}
{"level":"error","message":"Mon Feb 05 2024 01:25:42 GMT+0530 (India Standard Time)-{\"name\":\"Unable to Create Customer\",\"statusCode\":{\"name\":\"API Error\",\"statusCode\":500,\"isOperational\":true},\"isOperational\":true}","private":true}
{"level":"error","message":"Mon Feb 05 2024 01:26:26 GMT+0530 (India Standard Time)-{\"name\":\"Unable to Create Customer\",\"statusCode\":{\"name\":\"API Error\",\"statusCode\":500,\"isOperational\":true},\"isOperational\":true}","private":true}
{"level":"error","message":"Mon Feb 05 2024 01:26:49 GMT+0530 (India Standard Time)-{\"name\":\"Unable to Create Customer\",\"statusCode\":{\"name\":\"API Error\",\"statusCode\":500,\"isOperational\":true},\"isOperational\":true}","private":true}
{"level":"error","message":"Mon Feb 05 2024 01:27:03 GMT+0530 (India Standard Time)-{\"name\":\"Unable to Create Customer\",\"statusCode\":{\"name\":\"API Error\",\"statusCode\":500,\"isOperational\":true},\"isOperational\":true}","private":true}
{"level":"error","message":"Mon Feb 05 2024 01:27:40 GMT+0530 (India Standard Time)-{\"name\":\"Unable to Create Customer\",\"statusCode\":{\"name\":\"API Error\",\"statusCode\":500,\"isOperational\":true},\"isOperational\":true}","private":true}
{"level":"error","message":"Mon Feb 05 2024 01:28:12 GMT+0530 (India Standard Time)-{\"name\":\"Unable to Create Customer\",\"statusCode\":{\"name\":\"API Error\",\"statusCode\":500,\"isOperational\":true},\"isOperational\":true}","private":true}
{"level":"error","message":"Mon Feb 05 2024 01:28:55 GMT+0530 (India Standard Time)-{\"name\":\"Unable to Create Customer\",\"statusCode\":{\"name\":\"API Error\",\"statusCode\":500,\"isOperational\":true},\"isOperational\":true}","private":true}
{"level":"error","message":"Mon Feb 05 2024 01:29:20 GMT+0530 (India Standard Time)-{\"name\":\"Unable to Create Customer\",\"statusCode\":{\"name\":\"API Error\",\"statusCode\":500,\"isOperational\":true},\"isOperational\":true}","private":true}
{"level":"error","message":"Mon Feb 05 2024 01:30:31 GMT+0530 (India Standard Time)-{\"name\":\"Cannot read properties of undefined (reading 'toString')\",\"statusCode\":{\"name\":\"API Error\",\"statusCode\":500,\"isOperational\":true},\"isOperational\":true}","private":true}
{"level":"error","message":"Mon Feb 05 2024 01:31:17 GMT+0530 (India Standard Time)-{\"name\":\"Cannot read properties of undefined (reading 'toString')\",\"statusCode\":{\"name\":\"API Error\",\"statusCode\":500,\"isOperational\":true},\"isOperational\":true}","private":true}
{"level":"error","message":"Mon Feb 05 2024 01:33:44 GMT+0530 (India Standard Time)-{\"name\":\"Cannot read properties of undefined (reading 'toString')\",\"statusCode\":{\"name\":\"API Error\",\"statusCode\":500,\"isOperational\":true},\"isOperational\":true}","private":true}
{"level":"error","message":"Mon Feb 05 2024 01:33:55 GMT+0530 (India Standard Time)-{\"name\":\"Cannot read properties of undefined (reading 'toString')\",\"statusCode\":{\"name\":\"API Error\",\"statusCode\":500,\"isOperational\":true},\"isOperational\":true}","private":true}
{"level":"error","message":"Mon Feb 05 2024 01:34:47 GMT+0530 (India Standard Time)-{\"name\":\"Cannot read properties of undefined (reading 'toString')\",\"statusCode\":{\"name\":\"API Error\",\"statusCode\":500,\"isOperational\":true},\"isOperational\":true}","private":true}
{"level":"error","message":"Mon Feb 05 2024 01:37:12 GMT+0530 (India Standard Time)-{\"name\":\"Cannot read properties of undefined (reading '_id')\",\"statusCode\":{\"name\":\"API Error\",\"statusCode\":500,\"isOperational\":true},\"isOperational\":true}","private":true}
{"level":"error","message":"Mon Feb 05 2024 01:40:02 GMT+0530 (India Standard Time)-{\"name\":\"Unable to Find Product\",\"statusCode\":500,\"isOperational\":true}","private":true}
{"level":"error","message":"Mon Feb 05 2024 01:40:46 GMT+0530 (India Standard Time)-{\"name\":\"Unable to Find Product\",\"statusCode\":500,\"isOperational\":true}","private":true}
{"level":"error","message":"Mon Feb 05 2024 01:41:16 GMT+0530 (India Standard Time)-{\"expose\":true,\"statusCode\":400,\"status\":400,\"body\":\"{\\r\\n    \\\"qty\\\":10,\\r\\n    \\\"productId\\\":\\\"\\\\\\\"\\r\\n}\",\"type\":\"entity.parse.failed\"}","private":true}
{"level":"error","message":"Mon Feb 05 2024 01:41:40 GMT+0530 (India Standard Time)-{\"expose\":true,\"statusCode\":400,\"status\":400,\"body\":\"{\\r\\n    \\\"qty\\\":10,\\r\\n    \\\"productId\\\":\\\"\\\\\\\"\\r\\n}\",\"type\":\"entity.parse.failed\"}","private":true}
{"level":"error","message":"Mon Feb 05 2024 01:43:49 GMT+0530 (India Standard Time)-{\"name\":\"Unable to Create Customer\",\"statusCode\":{\"name\":\"API Error\",\"statusCode\":500,\"isOperational\":true},\"isOperational\":true}","private":true}
{"level":"error","message":"Mon Feb 05 2024 01:44:57 GMT+0530 (India Standard Time)-{\"name\":\"Data Not Found\",\"statusCode\":{},\"isOperational\":true}","private":true}
{"level":"error","message":"Mon Feb 05 2024 01:45:34 GMT+0530 (India Standard Time)-{\"name\":\"Data Not Found\",\"statusCode\":{},\"isOperational\":true}","private":true}
{"level":"error","message":"Mon Feb 05 2024 01:46:07 GMT+0530 (India Standard Time)-{\"name\":\"Data Not Found\",\"statusCode\":{\"name\":\"API Error\",\"statusCode\":500,\"isOperational\":true},\"isOperational\":true}","private":true}
{"level":"error","message":"Mon Feb 05 2024 01:50:17 GMT+0530 (India Standard Time)-{\"name\":\"Data Not Found\",\"statusCode\":{\"name\":\"API Error\",\"statusCode\":500,\"isOperational\":true},\"isOperational\":true}","private":true}
{"level":"error","message":"Mon Feb 05 2024 01:55:38 GMT+0530 (India Standard Time)-{}","private":true}
{"level":"error","message":"Mon Feb 05 2024 02:03:16 GMT+0530 (India Standard Time)-{}","private":true}
